<html>
<head>
<title>TestNG:  Test</title>
<link href="../testng.css" rel="stylesheet" type="text/css" />
<link href="../my-testng.css" rel="stylesheet" type="text/css" />

<style type="text/css">
.log { display: none;} 
.stack-trace { display: none;} 
</style>
<script type="text/javascript">
<!--
function flip(e) {
  current = e.style.display;
  if (current == 'block') {
    e.style.display = 'none';
    return 0;
  }
  else {
    e.style.display = 'block';
    return 1;
  }
}

function toggleBox(szDivId, elem, msg1, msg2)
{
  var res = -1;  if (document.getElementById) {
    res = flip(document.getElementById(szDivId));
  }
  else if (document.all) {
    // this is the way old msie versions work
    res = flip(document.all[szDivId]);
  }
  if(elem) {
    if(res == 0) elem.innerHTML = msg1; else elem.innerHTML = msg2;
  }

}

function toggleAllBoxes() {
  if (document.getElementsByTagName) {
    d = document.getElementsByTagName('div');
    for (i = 0; i < d.length; i++) {
      if (d[i].className == 'log') {
        flip(d[i]);
      }
    }
  }
}

// -->
</script>

</head>
<body>
<h2 align='center'>Test</h2><table border='1' align="center">
<tr>
<td>Tests passed/Failed/Skipped:</td><td>1/2/0</td>
</tr><tr>
<td>Started on:</td><td>Wed Sep 20 18:36:47 IST 2017</td>
</tr>
<tr><td>Total time:</td><td>1355 seconds (1355676 ms)</td>
</tr><tr>
<td>Included groups:</td><td></td>
</tr><tr>
<td>Excluded groups:</td><td></td>
</tr>
</table><p/>
<small><i>(Hover the method name to see the test class name)</i></small><p/>
<table width='100%' border='1' class='invocation-failed'>
<tr><td colspan='4' align='center'><b>FAILED TESTS</b></td></tr>
<tr><td><b>Test method</b></td>
<td width="30%"><b>Exception</b></td>
<td width="10%"><b>Time (seconds)</b></td>
<td><b>Instance</b></td>
</tr>
<tr>
<td title='testscript.AssetBulkCostAssignmentTest.AssetBulkCostAssignment1()'><b>AssetBulkCostAssignment1</b><br>Test class: testscript.AssetBulkCostAssignmentTest<br/>
<a href="#Output-28468315" onClick='toggleBox("Output-28468315", this, "Show output", "Hide output");'>Show output</a>

<a href="#Output-28468315" onClick="toggleAllBoxes();">Show all outputs</a>
<div class='log' id="Output-28468315">
Cost Assignment is done for Auto-300<br/>
Cost Assignment is done for Auto-301<br/>
Cost Assignment is done for Auto-302<br/>
Cost Assignment is done for Auto-303<br/>
Cost Assignment is done for Auto-304<br/>
Cost Assignment is done for Auto-305<br/>
Cost Assignment is done for Auto-306<br/>
Cost Assignment is done for Auto-307<br/>
Cost Assignment is done for Auto-308<br/>
Cost Assignment is done for Auto-309<br/>
Cost Assignment is done for Auto-310<br/>
Cost Assignment is done for Auto-311<br/>
Cost Assignment is done for Auto-312<br/>
Cost Assignment is done for Auto-313<br/>
Cost Assignment is done for Auto-314<br/>
Cost Assignment is done for Auto-315<br/>
Cost Assignment is done for Auto-316<br/>
Cost Assignment is done for Auto-317<br/>
Cost Assignment is done for Auto-318<br/>
Cost Assignment is done for Auto-319<br/>
Cost Assignment is done for Auto-320<br/>
Cost Assignment is done for Auto-321<br/>
Cost Assignment is done for Auto-322<br/>
</div>
</td>
<td><div><pre>org.openqa.selenium.TimeoutException: Expected condition failed: waiting for alert to be present (tried for 10 second(s) with 500 MILLISECONDS interval)
Build info: version: &apos;3.3.1&apos;, revision: &apos;5234b32&apos;, time: &apos;2017-03-10 09:04:52 -0800&apos;
System info: host: &apos;LW-AMART&apos;, ip: &apos;192.168.1.136&apos;, os.name: &apos;Windows 7&apos;, os.arch: &apos;x86&apos;, os.version: &apos;6.1&apos;, java.version: &apos;1.8.0_111&apos;
Driver info: org.openqa.selenium.ie.InternetExplorerDriver
Capabilities [{se:ieOptions={browserAttachTimeout=0, ie.enableFullPageScreenshot=true, enablePersistentHover=true, ie.forceCreateProcessApi=false, ie.forceShellWindowsApi=false, ignoreZoomSetting=false, ie.fileUploadDialogTimeout=3000, ie.useLegacyFileUploadDialogHandling=false, nativeEvents=true, ie.ensureCleanSession=false, elementScrollBehavior=0, ie.browserCommandLineSwitches=, requireWindowFocus=false, initialBrowserUrl=http://localhost:26730/, ignoreProtectedModeSettings=false, enableElementCacheCleanup=true}, browserName=internet explorer, pageLoadStrategy=normal, javascriptEnabled=true, version=11, platform=WINDOWS, unexpectedAlertBehaviour=dismiss}]
Session ID: a4742785-0705-4881-9299-90dfcd49797f
	at org.openqa.selenium.support.ui.WebDriverWait.timeoutException(WebDriverWait.java:80)
	at org.openqa.selenium.support.ui.FluentWait.until(FluentWait.java:232)
	at pom.AssetValueAndStatusChangePage.handlePopup(AssetValueAndStatusChangePage.java:88)
	at testscript.AssetBulkCostAssignmentTest.AssetBulkCostAssignment1(AssetBulkCostAssignmentTest.java:43)
... Removed 25 stack frames</pre></div><a href='#' onClick='toggleBox("stack-trace28468315", this, "Click to show all stack frames", "Click to hide stack frames")'>Click to show all stack frames</a>
<div class='stack-trace' id='stack-trace28468315'><pre>org.openqa.selenium.TimeoutException: Expected condition failed: waiting for alert to be present (tried for 10 second(s) with 500 MILLISECONDS interval)
Build info: version: &apos;3.3.1&apos;, revision: &apos;5234b32&apos;, time: &apos;2017-03-10 09:04:52 -0800&apos;
System info: host: &apos;LW-AMART&apos;, ip: &apos;192.168.1.136&apos;, os.name: &apos;Windows 7&apos;, os.arch: &apos;x86&apos;, os.version: &apos;6.1&apos;, java.version: &apos;1.8.0_111&apos;
Driver info: org.openqa.selenium.ie.InternetExplorerDriver
Capabilities [{se:ieOptions={browserAttachTimeout=0, ie.enableFullPageScreenshot=true, enablePersistentHover=true, ie.forceCreateProcessApi=false, ie.forceShellWindowsApi=false, ignoreZoomSetting=false, ie.fileUploadDialogTimeout=3000, ie.useLegacyFileUploadDialogHandling=false, nativeEvents=true, ie.ensureCleanSession=false, elementScrollBehavior=0, ie.browserCommandLineSwitches=, requireWindowFocus=false, initialBrowserUrl=http://localhost:26730/, ignoreProtectedModeSettings=false, enableElementCacheCleanup=true}, browserName=internet explorer, pageLoadStrategy=normal, javascriptEnabled=true, version=11, platform=WINDOWS, unexpectedAlertBehaviour=dismiss}]
Session ID: a4742785-0705-4881-9299-90dfcd49797f
	at org.openqa.selenium.support.ui.WebDriverWait.timeoutException(WebDriverWait.java:80)
	at org.openqa.selenium.support.ui.FluentWait.until(FluentWait.java:232)
	at pom.AssetValueAndStatusChangePage.handlePopup(AssetValueAndStatusChangePage.java:88)
	at testscript.AssetBulkCostAssignmentTest.AssetBulkCostAssignment1(AssetBulkCostAssignmentTest.java:43)
	at sun.reflect.NativeMethodAccessorImpl.invoke0(Native Method)
	at sun.reflect.NativeMethodAccessorImpl.invoke(NativeMethodAccessorImpl.java:62)
	at sun.reflect.DelegatingMethodAccessorImpl.invoke(DelegatingMethodAccessorImpl.java:43)
	at java.lang.reflect.Method.invoke(Method.java:498)
	at org.testng.internal.MethodInvocationHelper.invokeMethod(MethodInvocationHelper.java:108)
	at org.testng.internal.Invoker.invokeMethod(Invoker.java:661)
	at org.testng.internal.Invoker.invokeTestMethod(Invoker.java:869)
	at org.testng.internal.Invoker.invokeTestMethods(Invoker.java:1193)
	at org.testng.internal.TestMethodWorker.invokeTestMethods(TestMethodWorker.java:126)
	at org.testng.internal.TestMethodWorker.run(TestMethodWorker.java:109)
	at org.testng.TestRunner.privateRun(TestRunner.java:744)
	at org.testng.TestRunner.run(TestRunner.java:602)
	at org.testng.SuiteRunner.runTest(SuiteRunner.java:380)
	at org.testng.SuiteRunner.runSequentially(SuiteRunner.java:375)
	at org.testng.SuiteRunner.privateRun(SuiteRunner.java:340)
	at org.testng.SuiteRunner.run(SuiteRunner.java:289)
	at org.testng.SuiteRunnerWorker.runSuite(SuiteRunnerWorker.java:52)
	at org.testng.SuiteRunnerWorker.run(SuiteRunnerWorker.java:86)
	at org.testng.TestNG.runSuitesSequentially(TestNG.java:1301)
	at org.testng.TestNG.runSuitesLocally(TestNG.java:1226)
	at org.testng.TestNG.runSuites(TestNG.java:1144)
	at org.testng.TestNG.run(TestNG.java:1115)
	at org.testng.remote.AbstractRemoteTestNG.run(AbstractRemoteTestNG.java:132)
	at org.testng.remote.RemoteTestNG.initAndRun(RemoteTestNG.java:230)
	at org.testng.remote.RemoteTestNG.main(RemoteTestNG.java:76)
</pre></div></td>
<td>384</td>
<td>testscript.AssetBulkCostAssignmentTest@ee68d8</td></tr>
<tr>
<td title='testscript.LeaseBulkCreationTest.LeaseBulkCreationTest1()'><b>LeaseBulkCreationTest1</b><br>Test class: testscript.LeaseBulkCreationTest</td>
<td><div><pre>org.openqa.selenium.TimeoutException: Expected condition failed: waiting for generic.SwitchControlToNextWindow$1@127b3b0 (tried for 60 second(s) with 500 MILLISECONDS interval)
Build info: version: &apos;3.3.1&apos;, revision: &apos;5234b32&apos;, time: &apos;2017-03-10 09:04:52 -0800&apos;
System info: host: &apos;LW-AMART&apos;, ip: &apos;192.168.1.136&apos;, os.name: &apos;Windows 7&apos;, os.arch: &apos;x86&apos;, os.version: &apos;6.1&apos;, java.version: &apos;1.8.0_111&apos;
Driver info: org.openqa.selenium.ie.InternetExplorerDriver
Capabilities [{se:ieOptions={browserAttachTimeout=0, ie.enableFullPageScreenshot=true, enablePersistentHover=true, ie.forceCreateProcessApi=false, ie.forceShellWindowsApi=false, ignoreZoomSetting=false, ie.fileUploadDialogTimeout=3000, ie.useLegacyFileUploadDialogHandling=false, nativeEvents=true, ie.ensureCleanSession=false, elementScrollBehavior=0, ie.browserCommandLineSwitches=, requireWindowFocus=false, initialBrowserUrl=http://localhost:26400/, ignoreProtectedModeSettings=false, enableElementCacheCleanup=true}, browserName=internet explorer, pageLoadStrategy=normal, javascriptEnabled=true, version=11, platform=WINDOWS, unexpectedAlertBehaviour=dismiss}]
Session ID: c2786b34-a384-42d9-ac7e-b7d89d9d24d3
	at org.openqa.selenium.support.ui.WebDriverWait.timeoutException(WebDriverWait.java:80)
	at org.openqa.selenium.support.ui.FluentWait.until(FluentWait.java:232)
	at generic.SwitchControlToNextWindow.waitForNumberOfWindowsToEqual(SwitchControlToNextWindow.java:51)
	at pom.LeaseInventoryInLeasePage.clickOnAddButon(LeaseInventoryInLeasePage.java:53)
	at testscript.LeaseBulkCreationTest.LeaseBulkCreationTest1(LeaseBulkCreationTest.java:56)
... Removed 25 stack frames</pre></div><a href='#' onClick='toggleBox("stack-trace449343", this, "Click to show all stack frames", "Click to hide stack frames")'>Click to show all stack frames</a>
<div class='stack-trace' id='stack-trace449343'><pre>org.openqa.selenium.TimeoutException: Expected condition failed: waiting for generic.SwitchControlToNextWindow$1@127b3b0 (tried for 60 second(s) with 500 MILLISECONDS interval)
Build info: version: &apos;3.3.1&apos;, revision: &apos;5234b32&apos;, time: &apos;2017-03-10 09:04:52 -0800&apos;
System info: host: &apos;LW-AMART&apos;, ip: &apos;192.168.1.136&apos;, os.name: &apos;Windows 7&apos;, os.arch: &apos;x86&apos;, os.version: &apos;6.1&apos;, java.version: &apos;1.8.0_111&apos;
Driver info: org.openqa.selenium.ie.InternetExplorerDriver
Capabilities [{se:ieOptions={browserAttachTimeout=0, ie.enableFullPageScreenshot=true, enablePersistentHover=true, ie.forceCreateProcessApi=false, ie.forceShellWindowsApi=false, ignoreZoomSetting=false, ie.fileUploadDialogTimeout=3000, ie.useLegacyFileUploadDialogHandling=false, nativeEvents=true, ie.ensureCleanSession=false, elementScrollBehavior=0, ie.browserCommandLineSwitches=, requireWindowFocus=false, initialBrowserUrl=http://localhost:26400/, ignoreProtectedModeSettings=false, enableElementCacheCleanup=true}, browserName=internet explorer, pageLoadStrategy=normal, javascriptEnabled=true, version=11, platform=WINDOWS, unexpectedAlertBehaviour=dismiss}]
Session ID: c2786b34-a384-42d9-ac7e-b7d89d9d24d3
	at org.openqa.selenium.support.ui.WebDriverWait.timeoutException(WebDriverWait.java:80)
	at org.openqa.selenium.support.ui.FluentWait.until(FluentWait.java:232)
	at generic.SwitchControlToNextWindow.waitForNumberOfWindowsToEqual(SwitchControlToNextWindow.java:51)
	at pom.LeaseInventoryInLeasePage.clickOnAddButon(LeaseInventoryInLeasePage.java:53)
	at testscript.LeaseBulkCreationTest.LeaseBulkCreationTest1(LeaseBulkCreationTest.java:56)
	at sun.reflect.NativeMethodAccessorImpl.invoke0(Native Method)
	at sun.reflect.NativeMethodAccessorImpl.invoke(NativeMethodAccessorImpl.java:62)
	at sun.reflect.DelegatingMethodAccessorImpl.invoke(DelegatingMethodAccessorImpl.java:43)
	at java.lang.reflect.Method.invoke(Method.java:498)
	at org.testng.internal.MethodInvocationHelper.invokeMethod(MethodInvocationHelper.java:108)
	at org.testng.internal.Invoker.invokeMethod(Invoker.java:661)
	at org.testng.internal.Invoker.invokeTestMethod(Invoker.java:869)
	at org.testng.internal.Invoker.invokeTestMethods(Invoker.java:1193)
	at org.testng.internal.TestMethodWorker.invokeTestMethods(TestMethodWorker.java:126)
	at org.testng.internal.TestMethodWorker.run(TestMethodWorker.java:109)
	at org.testng.TestRunner.privateRun(TestRunner.java:744)
	at org.testng.TestRunner.run(TestRunner.java:602)
	at org.testng.SuiteRunner.runTest(SuiteRunner.java:380)
	at org.testng.SuiteRunner.runSequentially(SuiteRunner.java:375)
	at org.testng.SuiteRunner.privateRun(SuiteRunner.java:340)
	at org.testng.SuiteRunner.run(SuiteRunner.java:289)
	at org.testng.SuiteRunnerWorker.runSuite(SuiteRunnerWorker.java:52)
	at org.testng.SuiteRunnerWorker.run(SuiteRunnerWorker.java:86)
	at org.testng.TestNG.runSuitesSequentially(TestNG.java:1301)
	at org.testng.TestNG.runSuitesLocally(TestNG.java:1226)
	at org.testng.TestNG.runSuites(TestNG.java:1144)
	at org.testng.TestNG.run(TestNG.java:1115)
	at org.testng.remote.AbstractRemoteTestNG.run(AbstractRemoteTestNG.java:132)
	at org.testng.remote.RemoteTestNG.initAndRun(RemoteTestNG.java:230)
	at org.testng.remote.RemoteTestNG.main(RemoteTestNG.java:76)
</pre></div></td>
<td>73</td>
<td>testscript.LeaseBulkCreationTest@15b5592</td></tr>
</table><p>
<table width='100%' border='1' class='invocation-passed'>
<tr><td colspan='4' align='center'><b>PASSED TESTS</b></td></tr>
<tr><td><b>Test method</b></td>
<td width="30%"><b>Exception</b></td>
<td width="10%"><b>Time (seconds)</b></td>
<td><b>Instance</b></td>
</tr>
<tr>
<td title='testscript.AssetBulkCreationTest.AssetBulkCreation1()'><b>AssetBulkCreation1</b><br>Test class: testscript.AssetBulkCreationTest<br/>
<a href="#Output-31154085" onClick='toggleBox("Output-31154085", this, "Show output", "Hide output");'>Show output</a>

<a href="#Output-31154085" onClick="toggleAllBoxes();">Show all outputs</a>
<div class='log' id="Output-31154085">
Auto-300 Created successfully<br/>
Auto-301 Created successfully<br/>
Auto-302 Created successfully<br/>
Auto-303 Created successfully<br/>
Auto-304 Created successfully<br/>
Auto-305 Created successfully<br/>
Auto-306 Created successfully<br/>
Auto-307 Created successfully<br/>
Auto-308 Created successfully<br/>
Auto-309 Created successfully<br/>
Auto-310 Created successfully<br/>
Auto-311 Created successfully<br/>
Auto-312 Created successfully<br/>
Auto-313 Created successfully<br/>
Auto-314 Created successfully<br/>
Auto-315 Created successfully<br/>
Auto-316 Created successfully<br/>
Auto-317 Created successfully<br/>
Auto-318 Created successfully<br/>
Auto-319 Created successfully<br/>
Auto-320 Created successfully<br/>
Auto-321 Created successfully<br/>
Auto-322 Created successfully<br/>
Auto-323 Created successfully<br/>
Auto-324 Created successfully<br/>
Auto-325 Created successfully<br/>
Auto-326 Created successfully<br/>
Auto-327 Created successfully<br/>
Auto-328 Created successfully<br/>
Auto-329 Created successfully<br/>
Auto-330 Created successfully<br/>
Auto-331 Created successfully<br/>
Auto-332 Created successfully<br/>
Auto-333 Created successfully<br/>
Auto-334 Created successfully<br/>
Auto-335 Created successfully<br/>
Auto-336 Created successfully<br/>
Auto-337 Created successfully<br/>
Auto-338 Created successfully<br/>
Auto-339 Created successfully<br/>
Auto-340 Created successfully<br/>
Auto-341 Created successfully<br/>
Auto-342 Created successfully<br/>
Auto-343 Created successfully<br/>
Auto-344 Created successfully<br/>
Auto-345 Created successfully<br/>
Auto-346 Created successfully<br/>
Auto-347 Created successfully<br/>
Auto-348 Created successfully<br/>
Auto-349 Created successfully<br/>
</div>
</td>
<td></td>
<td>834</td>
<td>testscript.AssetBulkCreationTest@1629756</td></tr>
</table><p>
</body>
</html>