<?xml version="1.0" encoding="UTF-8"?>
<testng-results skipped="0" failed="1" ignored="0" total="3" passed="2">
  <reporter-output>
    <line>
      <![CDATA[<img src="file://.\ScreenShots\LeaseYeildAndPaymentVerificationTue Sep 26 11-11-09 IST 2017.png" alt=""/>]]>
    </line>
  </reporter-output>
  <suite name="Suite" duration-ms="216482" started-at="2017-09-26T05:37:34Z" finished-at="2017-09-26T05:41:10Z">
    <groups>
    </groups>
    <test name="Test" duration-ms="216482" started-at="2017-09-26T05:37:34Z" finished-at="2017-09-26T05:41:10Z">
      <class name="testscript.AssetCostAssignmentTest">
        <test-method status="PASS" signature="openApplication()[pri:0, instance:testscript.AssetCostAssignmentTest@19f379]" name="openApplication" is-config="true" duration-ms="9359" started-at="2017-09-26T11:08:31Z" finished-at="2017-09-26T11:08:40Z">
          <reporter-output>
          </reporter-output>
        </test-method> <!-- openApplication -->
        <test-method status="PASS" signature="AssetCostAssignmentSmokeTest()[pri:0, instance:testscript.AssetCostAssignmentTest@19f379]" name="AssetCostAssignmentSmokeTest" duration-ms="40299" started-at="2017-09-26T11:08:40Z" finished-at="2017-09-26T11:09:21Z">
          <reporter-output>
          </reporter-output>
        </test-method> <!-- AssetCostAssignmentSmokeTest -->
        <test-method status="PASS" signature="closeApplication(org.testng.ITestResult)[pri:0, instance:testscript.AssetCostAssignmentTest@19f379]" name="closeApplication" is-config="true" duration-ms="982" started-at="2017-09-26T11:09:21Z" finished-at="2017-09-26T11:09:22Z">
          <params>
            <param index="0">
              <value>
                <![CDATA[[TestResult name=AssetCostAssignmentSmokeTest status=SUCCESS method=AssetCostAssignmentTest.AssetCostAssignmentSmokeTest()[pri:0, instance:testscript.AssetCostAssignmentTest@19f379] output={null}]]]>
              </value>
            </param>
          </params>
          <reporter-output>
          </reporter-output>
        </test-method> <!-- closeApplication -->
      </class> <!-- testscript.AssetCostAssignmentTest -->
      <class name="testscript.LeaseYeildAndPaymentVerificationTest">
        <test-method status="PASS" signature="openApplication()[pri:0, instance:testscript.LeaseYeildAndPaymentVerificationTest@1c7cbad]" name="openApplication" is-config="true" duration-ms="14479" started-at="2017-09-26T11:09:22Z" finished-at="2017-09-26T11:09:36Z">
          <reporter-output>
          </reporter-output>
        </test-method> <!-- openApplication -->
        <test-method status="FAIL" signature="LeaseYeildAndPaymentVerification()[pri:0, instance:testscript.LeaseYeildAndPaymentVerificationTest@1c7cbad]" name="LeaseYeildAndPaymentVerification" duration-ms="93065" started-at="2017-09-26T11:09:36Z" finished-at="2017-09-26T11:11:09Z">
          <exception class="java.lang.AssertionError">
            <message>
              <![CDATA[yeildWithoutIDC is not matching expected [1416.200486] but found [6.294502]]]>
            </message>
            <full-stacktrace>
              <![CDATA[java.lang.AssertionError: yeildWithoutIDC is not matching expected [1416.200486] but found [6.294502]
	at org.testng.Assert.fail(Assert.java:93)
	at org.testng.Assert.failNotEquals(Assert.java:512)
	at org.testng.Assert.assertEqualsImpl(Assert.java:134)
	at org.testng.Assert.assertEquals(Assert.java:115)
	at org.testng.Assert.assertEquals(Assert.java:189)
	at pom.LeaseAccrualPage.verifyYeild(LeaseAccrualPage.java:52)
	at testscript.LeaseYeildAndPaymentVerificationTest.LeaseYeildAndPaymentVerification(LeaseYeildAndPaymentVerificationTest.java:131)
	at sun.reflect.NativeMethodAccessorImpl.invoke0(Native Method)
	at sun.reflect.NativeMethodAccessorImpl.invoke(NativeMethodAccessorImpl.java:62)
	at sun.reflect.DelegatingMethodAccessorImpl.invoke(DelegatingMethodAccessorImpl.java:43)
	at java.lang.reflect.Method.invoke(Method.java:498)
	at org.testng.internal.MethodInvocationHelper.invokeMethod(MethodInvocationHelper.java:108)
	at org.testng.internal.Invoker.invokeMethod(Invoker.java:661)
	at org.testng.internal.Invoker.invokeTestMethod(Invoker.java:869)
	at org.testng.internal.Invoker.invokeTestMethods(Invoker.java:1193)
	at org.testng.internal.TestMethodWorker.invokeTestMethods(TestMethodWorker.java:126)
	at org.testng.internal.TestMethodWorker.run(TestMethodWorker.java:109)
	at org.testng.TestRunner.privateRun(TestRunner.java:744)
	at org.testng.TestRunner.run(TestRunner.java:602)
	at org.testng.SuiteRunner.runTest(SuiteRunner.java:380)
	at org.testng.SuiteRunner.runSequentially(SuiteRunner.java:375)
	at org.testng.SuiteRunner.privateRun(SuiteRunner.java:340)
	at org.testng.SuiteRunner.run(SuiteRunner.java:289)
	at org.testng.SuiteRunnerWorker.runSuite(SuiteRunnerWorker.java:52)
	at org.testng.SuiteRunnerWorker.run(SuiteRunnerWorker.java:86)
	at org.testng.TestNG.runSuitesSequentially(TestNG.java:1301)
	at org.testng.TestNG.runSuitesLocally(TestNG.java:1226)
	at org.testng.TestNG.runSuites(TestNG.java:1144)
	at org.testng.TestNG.run(TestNG.java:1115)
	at org.testng.remote.AbstractRemoteTestNG.run(AbstractRemoteTestNG.java:132)
	at org.testng.remote.RemoteTestNG.initAndRun(RemoteTestNG.java:230)
	at org.testng.remote.RemoteTestNG.main(RemoteTestNG.java:76)
]]>
            </full-stacktrace>
          </exception> <!-- java.lang.AssertionError -->
          <reporter-output>
          </reporter-output>
        </test-method> <!-- LeaseYeildAndPaymentVerification -->
        <test-method status="PASS" signature="closeApplication(org.testng.ITestResult)[pri:0, instance:testscript.LeaseYeildAndPaymentVerificationTest@1c7cbad]" name="closeApplication" is-config="true" duration-ms="970" started-at="2017-09-26T11:11:09Z" finished-at="2017-09-26T11:11:10Z">
          <params>
            <param index="0">
              <value>
                <![CDATA[[TestResult name=LeaseYeildAndPaymentVerification status=FAILURE method=LeaseYeildAndPaymentVerificationTest.LeaseYeildAndPaymentVerification()[pri:0, instance:testscript.LeaseYeildAndPaymentVerificationTest@1c7cbad] output={null}]]]>
              </value>
            </param>
          </params>
          <reporter-output>
            <line>
              <![CDATA[<img src="file://.\ScreenShots\LeaseYeildAndPaymentVerificationTue Sep 26 11-11-09 IST 2017.png" alt=""/>]]>
            </line>
          </reporter-output>
        </test-method> <!-- closeApplication -->
      </class> <!-- testscript.LeaseYeildAndPaymentVerificationTest -->
      <class name="testscript.AssetProfileTest">
        <test-method status="PASS" signature="openApplication()[pri:0, instance:testscript.AssetProfileTest@120ebad]" name="openApplication" is-config="true" duration-ms="13737" started-at="2017-09-26T11:07:34Z" finished-at="2017-09-26T11:07:47Z">
          <reporter-output>
          </reporter-output>
        </test-method> <!-- openApplication -->
        <test-method status="PASS" signature="AssetCreationSmokeTest()[pri:0, instance:testscript.AssetProfileTest@120ebad]" name="AssetCreationSmokeTest" duration-ms="42566" started-at="2017-09-26T11:07:47Z" finished-at="2017-09-26T11:08:30Z">
          <reporter-output>
          </reporter-output>
        </test-method> <!-- AssetCreationSmokeTest -->
        <test-method status="PASS" signature="closeApplication(org.testng.ITestResult)[pri:0, instance:testscript.AssetProfileTest@120ebad]" name="closeApplication" is-config="true" duration-ms="986" started-at="2017-09-26T11:08:30Z" finished-at="2017-09-26T11:08:31Z">
          <params>
            <param index="0">
              <value>
                <![CDATA[[TestResult name=AssetCreationSmokeTest status=SUCCESS method=AssetProfileTest.AssetCreationSmokeTest()[pri:0, instance:testscript.AssetProfileTest@120ebad] output={null}]]]>
              </value>
            </param>
          </params>
          <reporter-output>
          </reporter-output>
        </test-method> <!-- closeApplication -->
      </class> <!-- testscript.AssetProfileTest -->
    </test> <!-- Test -->
  </suite> <!-- Suite -->
</testng-results>
